info: Server listening on port 9999
[]
info: Server listening on port 9999
[]
[]
[]
[ { mac: '00:22:37:51:DD:F6',
    name: 'SoundCore Boost\n',
    isNovo: true } ]
00:22:37:51:DD:F6 chosen
info: Server listening on port 9999
[]
[]
[ { mac: '00:22:37:51:DD:F6',
    name: 'SoundCore Boost\n',
    isNovo: true } ]
00:22:37:51:DD:F6 chosen
[ { mac: '00:22:37:51:DD:F6',
    name: 'SoundCore Boost\n',
    isNovo: true } ]
00:22:37:51:DD:F6 chosen
info: Server listening on port 9999
info: Server listening on port 9999
[ { mac: '00:22:37:51:DD:F6',
    name: 'SoundCore Boost\n',
    isNovo: true } ]
00:22:37:51:DD:F6 chosen
00:22:37:51:DD:F6 chosen
00:22:37:51:DD:F6 chosen
[ { mac: '00:22:37:51:DD:F6',
    name: 'SoundCore Boost\n',
    isNovo: true } ]
00:22:37:51:DD:F6 chosen
00:22:37:51:DD:F6 chosen
info: Server listening on port 9999
[]
[]
[]
[]
[ { mac: '00:22:37:51:DD:F6',
    name: 'SoundCore Boost\n',
    isNovo: true } ]
00:22:37:51:DD:F6 chosen
info: Server listening on port 3333
info: Server listening on port 9999
[ { mac: '00:22:37:51:DD:F6',
    name: 'SoundCore Boost\n',
    isNovo: true } ]
00:22:37:51:DD:F6 chosen
info: Server listening on port 9999
info: Server listening on port 9999
info: Server listening on port 9999
[]
[]
[ { mac: '00:22:37:51:DD:F6',
    name: 'SoundCore Boost\n',
    isNovo: true } ]
00:22:37:51:DD:F6 chosen
00:22:37:51:DD:F6 chosen
00:22:37:51:DD:F6 chosen
info: Server listening on port 9999
info: Server listening on port 9999
[]
[]
[]
[]
[]
[ { mac: '00:22:37:51:DD:F6',
    name: 'SoundCore Boost\n',
    isNovo: true } ]
00:22:37:51:DD:F6 chosen
info: Server listening on port 9999
info: Server listening on port 9999
[ { mac: '00:22:37:51:DD:F6',
    name: 'SoundCore Boost\n',
    isNovo: true } ]
00:22:37:51:DD:F6 chosen
info: Server listening on port 9999
info: Server listening on port 9999
[]
info: Server listening on port 9999
[ { mac: '00:22:37:51:DD:F6',
    name: 'SoundCore Boost\n',
    isNovo: true } ]
00:22:37:51:DD:F6 chosen
info: Server listening on port 9999
info: Server listening on port 9999
info: Server listening on port 9999
[ { mac: '[{\'protocol\': \'L2CAP',
    name:
     'name\': \'\\xa0\\xe8\\x04\\xb3@\\xeb\\x90g\\x04\\x92\\xf7\\x17\\xad\\xba\\x08s\\x91\\x1d\\xc1\\xbf5\\x1a\\xc1\\xbf]\\xba\\x08s\\xc3d\\x03\\xb2\\xc0\\xeaCd\\xa0\\xe8',
    isNovo: true } ]
[ { mac: 'A4:FC:77:5A:59:CC', name: 'KD-49XG8396\n', isNovo: true } ]
[ { mac: 'A4:FC:77:5A:59:CC', name: 'KD-49XG8396\n', isNovo: true } ]
[ { mac: 'A4:FC:77:5A:59:CC', name: 'KD-49XG8396\n', isNovo: true } ]
[ { mac: 'A4:FC:77:5A:59:CC', name: 'KD-49XG8396\n', isNovo: true } ]
[ { mac: 'A4:FC:77:5A:59:CC', name: 'KD-49XG8396\n', isNovo: true } ]
[ { mac: 'A4:FC:77:5A:59:CC', name: 'KD-49XG8396\n', isNovo: true } ]
[]
[]
[]
[]
[]
[ { mac: 'A4:FC:77:5A:59:CC', name: 'KD-49XG8396\n', isNovo: true } ]
A4:FC:77:5A:59:CC chosen
[ { mac: '00:22:37:51:DD:F6',
    name: 'SoundCore Boost\n',
    isNovo: true } ]
00:22:37:51:DD:F6 chosen
info: Server listening on port 9999
info: Server listening on port 9999
[]
[]
[]
[ { mac: '00:22:37:51:DD:F6',
    name: 'SoundCore Boost\n',
    isNovo: true } ]
00:22:37:51:DD:F6 chosen
00:22:37:51:DD:F6 chosen
00:22:37:51:DD:F6 chosen
info: Server listening on port 9999
info: Server listening on port 9999
info: Server listening on port 9999
info: Server listening on port 9999
info: Server listening on port 9999
info: Server listening on port 9999
[]
[]
[]
[ { mac: '00:22:37:51:DD:F6',
    name: 'SoundCore Boost',
    isNovo: true },
  { mac: 'A4:FC:77:5A:59:CC', name: 'KD-49XG8396\n', isNovo: true } ]
00:22:37:51:DD:F6 chosen
info: Server listening on port 9999
info: Server listening on port 9999
info: Server listening on port 9999
[]
[ { mac: '00:22:37:51:DD:F6',
    name: 'SoundCore Boost\n',
    isNovo: true } ]
00:22:37:51:DD:F6 chosen
00:22:37:51:DD:F6 chosen
info: Server listening on port 9999
info: Server listening on port 9999
[ { mac: '00:22:37:51:DD:F6',
    name: 'SoundCore Boost\n',
    isNovo: true } ]
00:22:37:51:DD:F6 chosen
info: Server listening on port 9999
info: Server listening on port 9999
info: Server listening on port 9999
info: Server listening on port 9999
info: Server listening on port 9999
info: Server listening on port 9999
info: Server listening on port 9999
info: Server listening on port 9999
info: Server listening on port 9999
info: Server listening on port 9999
info: Server listening on port 9999
info: Server listening on port 9999
[ { mac: 'A4:FC:77:5A:59:CC', name: 'KD-49XG8396\n', isNovo: true } ]
A4:FC:77:5A:59:CC chosen
A4:FC:77:5A:59:CC chosen
A4:FC:77:5A:59:CC chosen
info: Server listening on port 9999
info: Server listening on port 9999
[]
[]
[]
[ { mac: '00:22:37:51:DD:F6',
    name: 'SoundCore Boost\n',
    isNovo: true } ]
[ { mac: '00:22:37:51:DD:F6',
    name: 'SoundCore Boost\n',
    isNovo: true } ]
00:22:37:51:DD:F6 chosen
[]
[]
[]
[]
[]
[]
[]
[]
[]
[]
[]
[]
[]
[]
[]
[]
[]
[]
[]
[]
[]
[]
[]
[]
[]
[]
[]
info: Server listening on port 9999
[ { mac: '00:22:37:51:DD:F6',
    name: 'SoundCore Boost\n',
    isNovo: true } ]
00:22:37:51:DD:F6 chosen
00:22:37:51:DD:F6 chosen
info: Server listening on port 9999
[]
[]
[]
[]
[]
[]
[]
[]
[]
[]
info: Server listening on port 9999
[]
[]
[]
[]
[]
[]
[]
[]
info: Server listening on port 9999
[]
[]
[]
[]
[]
[]
[]
[]
[ { mac: '00:22:37:51:DD:F6',
    name: 'SoundCore Boost\n',
    isNovo: true } ]
00:22:37:51:DD:F6 chosen
00:22:37:51:DD:F6 chosen
info: Server listening on port 9999
info: Server listening on port 9999
[]
info: Server listening on port 9999
info: Server listening on port 9999
info: Server listening on port 9999
[]
info: Server listening on port 9999
info: Server listening on port 9999
[]
[]
[]
[]
[]
[]
[]
[ { mac: '00:22:37:51:DD:F6',
    name: 'SoundCore Boost\n',
    isNovo: true } ]
00:22:37:51:DD:F6 chosen
info: Server listening on port 9999
[]
[]
[]
[]
[]
[]
[]
[]
[]
[]
[]
[]
[]
[]
[]
[]
[]
[]
[]
[]
[]
[]
[]
[]
[]
[]
[]
[]
[]
[]
[]
[]
[]
[]
[]
info: Server listening on port 9999
info: Server listening on port 9999
info: Server listening on port 9999
info: Server listening on port 9999
info: Server listening on port 9999
info: Server listening on port 9999
info: Server listening on port 9999
info: Server listening on port 9999
info: Server listening on port 9999
[]
[ { mac: 'A4:FC:77:5A:59:CC', name: 'KD-49XG8396\n', isNovo: true } ]
A4:FC:77:5A:59:CC chosen
info: Server listening on port 9999
info: Server listening on port 9999
info: Server listening on port 9999
info: Server listening on port 9999
[ { mac: '00:22:37:51:DD:F6',
    name: 'SoundCore Boost\n',
    isNovo: true } ]
00:22:37:51:DD:F6 chosen
[]
[ { mac: 'A4:FC:77:5A:59:CC', name: 'KD-49XG8396\n', isNovo: true } ]
[ { mac: 'A4:FC:77:5A:59:CC', name: 'KD-49XG8396\n', isNovo: true } ]
A4:FC:77:5A:59:CC chosen
info: Server listening on port 9999
[ { mac: '00:22:37:51:DD:F6',
    name: 'SoundCore Boost\n',
    isNovo: true } ]
00:22:37:51:DD:F6 chosen
info: Server listening on port 9999
info: Server listening on port 9999
info: Server listening on port 9999
info: Server listening on port 9999
[]
[]
[ { mac: '00:22:37:51:DD:F6',
    name: 'SoundCore Boost\n',
    isNovo: true } ]
00:22:37:51:DD:F6 chosen
info: Server listening on port 9999
info: Server listening on port 9999
info: Server listening on port 9999
[ { mac: '00:22:37:51:DD:F6',
    name: 'SoundCore Boost\n',
    isNovo: true } ]
00:22:37:51:DD:F6 chosen
info: Server listening on port 9999
info: Server listening on port 9999
[]
[]
[]
[]
[]
[]
[]
[]
[]
[]
[]
